1553760820997	geckodriver	INFO	geckodriver 0.21.0
1553760821127	geckodriver	INFO	Listening on 127.0.0.1:49691
1553760824186	mozrunner::runner	INFO	Running command: "C:\\Program Files\\Mozilla Firefox\\firefox.exe" "-marionette" "-foreground" "-no-remote" "-profile" "C:\\Users\\gitun\\AppData\\Local\\Temp\\rust_mozprofile.atmTe3utC6sY"
1553760828226	addons.webextension.screenshots@mozilla.org	WARN	Loading extension 'screenshots@mozilla.org': Reading manifest: Invalid host permission: resource://pdf.js/
1553760828227	addons.webextension.screenshots@mozilla.org	WARN	Loading extension 'screenshots@mozilla.org': Reading manifest: Invalid host permission: about:reader*
1553760829051	Marionette	TRACE	Received observer notification profile-after-change
1553760829607	Marionette	TRACE	Received observer notification toplevel-window-ready
1553760829827	Marionette	TRACE	Received observer notification command-line-startup
1553760829827	Marionette	TRACE	Received observer notification nsPref:changed
1553760829827	Marionette	DEBUG	Init aborted (running=false, enabled=true, finalUIStartup=false)
1553760831507	Marionette	TRACE	Received observer notification toplevel-window-ready
1553760836851	Marionette	TRACE	Received observer notification sessionstore-windows-restored
1553760836852	Marionette	TRACE	Waiting until startup recorder finished recording startup scripts...
1553760837492	Marionette	TRACE	All scripts recorded.
1553760837496	Marionette	DEBUG	Setting recommended pref app.update.disabledForTesting to true
1553760837497	Marionette	DEBUG	Setting recommended pref apz.content_response_timeout to 60000
1553760837498	Marionette	DEBUG	Setting recommended pref browser.contentblocking.introCount to 99
1553760837499	Marionette	DEBUG	Setting recommended pref browser.download.panel.shown to true
1553760837499	Marionette	DEBUG	Setting recommended pref browser.newtabpage.enabled to false
1553760837500	Marionette	DEBUG	Setting recommended pref browser.pagethumbnails.capturing_disabled to true
1553760837505	Marionette	DEBUG	Setting recommended pref browser.search.update to false
1553760837506	Marionette	DEBUG	Setting recommended pref browser.tabs.disableBackgroundZombification to false
1553760837507	Marionette	DEBUG	Setting recommended pref browser.tabs.warnOnCloseOtherTabs to false
1553760837508	Marionette	DEBUG	Setting recommended pref browser.tabs.warnOnOpen to false
1553760837509	Marionette	DEBUG	Setting recommended pref browser.usedOnWindows10.introURL to 
1553760837511	Marionette	DEBUG	Setting recommended pref browser.urlbar.suggest.searches to false
1553760837513	Marionette	DEBUG	Setting recommended pref datareporting.policy.dataSubmissionPolicyAccepted to false
1553760837514	Marionette	DEBUG	Setting recommended pref dom.disable_beforeunload to true
1553760837515	Marionette	DEBUG	Setting recommended pref dom.disable_open_during_load to false
1553760837516	Marionette	DEBUG	Setting recommended pref dom.file.createInChild to true
1553760837517	Marionette	DEBUG	Setting recommended pref dom.max_chrome_script_run_time to 0
1553760837517	Marionette	DEBUG	Setting recommended pref dom.max_script_run_time to 0
1553760837518	Marionette	DEBUG	Setting recommended pref extensions.getAddons.cache.enabled to false
1553760837518	Marionette	DEBUG	Setting recommended pref extensions.webservice.discoverURL to http://%(server)s/dummy/discoveryURL
1553760837519	Marionette	DEBUG	Setting recommended pref network.http.prompt-temp-redirect to false
1553760837519	Marionette	DEBUG	Setting recommended pref network.http.speculative-parallel-limit to 0
1553760837520	Marionette	DEBUG	Setting recommended pref security.fileuri.strict_origin_policy to false
1553760837521	Marionette	DEBUG	Setting recommended pref security.notification_enable_delay to 0
1553760837522	Marionette	DEBUG	Setting recommended pref signon.autofillForms to false
1553760837523	Marionette	DEBUG	Setting recommended pref signon.rememberSignons to false
1553760837523	Marionette	DEBUG	Setting recommended pref toolkit.cosmeticAnimations.enabled to false
1553760837947	Marionette	INFO	Listening on port 49699
1553760837948	Marionette	DEBUG	Remote service is active
1553760838226	Marionette	DEBUG	Accepted connection 0 from 127.0.0.1:49720
1553760838323	Marionette	DEBUG	0 -> [0,1,"WebDriver:NewSession",{"acceptInsecureCerts":true,"browserName":"firefox","capabilities":{"desiredCapabilities":{"acceptInsecureCerts":true,"browserName":"firefox"}}}]
1553760838324	Marionette	WARN	TLS certificate errors will be ignored for this session
1553760838508	Marionette	TRACE	[6442450945] Frame script loaded
1553760838551	Marionette	TRACE	[6442450945] Frame script registered
1553760838601	Marionette	DEBUG	0 <- [1,1,null,{"sessionId":"b6354e5b-758c-4eec-9e4e-2c4d08cd7f84","capabilities":{"browserName":"firefox","browserVersion":"65.0. ... alse,"moz:webdriverClick":true,"capabilities":{"desiredCapabilities":{"acceptInsecureCerts":true,"browserName":"firefox"}}}}]
1553760838968	Marionette	DEBUG	0 -> [0,2,"WebDriver:Navigate",{"url":"http://localhost:8000"}]
1553760839074	Marionette	TRACE	[6442450945] Received DOM event beforeunload for about:blank
1553760840527	Marionette	TRACE	[6442450945] Received DOM event beforeunload for about:blank
1553760840530	Marionette	TRACE	[6442450945] Received DOM event pagehide for about:blank
1553760840889	Marionette	TRACE	[6442450945] Received DOM event DOMContentLoaded for about:neterror?e=connectionFailure&u=http%3A//localhost%3A8000/&c=UTF-8&f=regular&d=Firefox%20can%E2%80%99t%20establish%20a%20connection%20to%20the%20server%20at%20localhost%3A8000.
1553760840896	Marionette	DEBUG	0 <- [1,2,{"error":"unknown error","message":"Reached error page: about:neterror?e=connectionFailure&u=http%3A//localhost%3A8000/& ... eadyState@chrome://marionette/content/listener.js:276:21\nhandleEvent@chrome://marionette/content/listener.js:244:9\n"},null]
1553760841052	Marionette	DEBUG	Closed connection 0
1553761031383	addons.productaddons	WARN	Failed downloading XML, status: 0, reason: error
1553761031401	addons.productaddons	WARN	Failed downloading via XHR, status: 0, reason: error
1553761031408	addons.productaddons	WARN	Failed downloading via XHR, status: 0, reason: error
1553761339948	addons.productaddons	WARN	Failed downloading XML, status: 0, reason: error
1553761339973	addons.productaddons	WARN	Failed downloading via XHR, status: 0, reason: error
1553761339973	addons.xpi	ERROR	Failed to download system add-on gmp-gmpopenh264: Error: Failed downloading via XHR, status: 0, reason: error(resource://gre/modules/addons/ProductAddonChecker.jsm:312:16) JS Stack trace: fail@ProductAddonChecker.jsm:312:16
1553761339979	addons.productaddons	WARN	Failed downloading via XHR, status: 0, reason: error
1553761339979	addons.xpi	ERROR	Failed to download system add-on gmp-widevinecdm: Error: Failed downloading via XHR, status: 0, reason: error(resource://gre/modules/addons/ProductAddonChecker.jsm:312:16) JS Stack trace: fail@ProductAddonChecker.jsm:312:16
1553761339981	addons.manager	WARN	Failed to update system addons: Error: Rejecting updated system add-on set that either could not be downloaded or contained unusable add-ons.(resource://gre/modules/addons/XPIInstall.jsm:3469:13) JS Stack trace: updateSystemAddons@XPIInstall.jsm:3469:13
[Parent 5796, Gecko_IOThread] WARNING: pipe error: 109: file z:/build/build/src/ipc/chromium/src/chrome/common/ipc_channel_win.cc, line 332
[Parent 5796, Gecko_IOThread] WARNING: pipe error: 109: file z:/build/build/src/ipc/chromium/src/chrome/common/ipc_channel_win.cc, line 332
[Child 8584, Chrome_ChildThread] WARNING: pipe error: 109: file z:/build/build/src/ipc/chromium/src/chrome/common/ipc_channel_win.cc, line 332
[Child 8584, Chrome_ChildThread] WARNING: pipe error: 109: file z:/build/build/src/ipc/chromium/src/chrome/common/ipc_channel_win.cc, line 332
1553761838651	Marionette	TRACE	Received observer notification xpcom-will-shutdown
1553761838651	Marionette	DEBUG	Resetting recommended pref app.update.disabledForTesting
1553761838651	Marionette	DEBUG	Resetting recommended pref apz.content_response_timeout
1553761838652	Marionette	DEBUG	Resetting recommended pref browser.contentblocking.introCount
1553761838654	Marionette	DEBUG	Resetting recommended pref browser.download.panel.shown
1553761838655	Marionette	DEBUG	Resetting recommended pref browser.newtabpage.enabled
1553761838656	Marionette	DEBUG	Resetting recommended pref browser.pagethumbnails.capturing_disabled
1553761838657	Marionette	DEBUG	Resetting recommended pref browser.search.update
1553761838657	Marionette	DEBUG	Resetting recommended pref browser.tabs.disableBackgroundZombification
1553761838657	Marionette	DEBUG	Resetting recommended pref browser.tabs.warnOnCloseOtherTabs
1553761838658	Marionette	DEBUG	Resetting recommended pref browser.tabs.warnOnOpen
1553761838658	Marionette	DEBUG	Resetting recommended pref browser.usedOnWindows10.introURL
1553761838659	Marionette	DEBUG	Resetting recommended pref browser.urlbar.suggest.searches
1553761838660	Marionette	DEBUG	Resetting recommended pref datareporting.policy.dataSubmissionPolicyAccepted
1553761838661	Marionette	DEBUG	Resetting recommended pref dom.disable_beforeunload
1553761838661	Marionette	DEBUG	Resetting recommended pref dom.disable_open_during_load
1553761838661	Marionette	DEBUG	Resetting recommended pref dom.file.createInChild
1553761838661	Marionette	DEBUG	Resetting recommended pref dom.max_chrome_script_run_time
1553761838661	Marionette	DEBUG	Resetting recommended pref dom.max_script_run_time
1553761838662	Marionette	DEBUG	Resetting recommended pref extensions.getAddons.cache.enabled
1553761838663	Marionette	DEBUG	Resetting recommended pref extensions.webservice.discoverURL
1553761838663	Marionette	DEBUG	Resetting recommended pref network.http.prompt-temp-redirect
1553761838663	Marionette	DEBUG	Resetting recommended pref network.http.speculative-parallel-limit
1553761838663	Marionette	DEBUG	Resetting recommended pref security.fileuri.strict_origin_policy
1553761838663	Marionette	DEBUG	Resetting recommended pref security.notification_enable_delay
1553761838664	Marionette	DEBUG	Resetting recommended pref signon.autofillForms
1553761838664	Marionette	DEBUG	Resetting recommended pref signon.rememberSignons
1553761838664	Marionette	DEBUG	Resetting recommended pref toolkit.cosmeticAnimations.enabled
1553761838665	Marionette	INFO	Stopped listening on port 49699
1553761838666	Marionette	DEBUG	Remote service is inactive
[GPU 8312, Chro
###!!! [Child][MessageChannel::SendAndWait] Error: Channel error: cannot send/recv

ons.webservice.discoverURL to http://%(server)s/dummy/discoveryURL
1553761795395	Marionette	DEBUG	Setting recommended pref network.http.prompt-temp-redirect to false
1553761795395	Marionette	DEBUG	Setting recommended pref network.http.speculative-parallel-limit to 0
1553761795396	Marionette	DEBUG	Setting recommended pref security.fileuri.strict_origin_policy to false
1553761795397	Marionette	DEBUG	Setting recommended pref security.notification_enable_delay to 0
1553761795397	Marionette	DEBUG	Setting recommended pref signon.autofillForms to false
1553761795398	Marionette	DEBUG	Setting recommended pref signon.rememberSignons to false
1553761795398	Marionette	DEBUG	Setting recommended pref toolkit.cosmeticAnimations.enabled to false
1553761795547	Marionette	INFO	Listening on port 49733
1553761795548	Marionette	DEBUG	Remote service is active
1553761795898	Marionette	DEBUG	Accepted connection 0 from 127.0.0.1:49750
1553761795904	Marionette	DEBUG	0 -> [0,1,"WebDriver:NewSession",{"acceptInsecureCerts":true,"browserName":"firefox","capabilities":{"desiredCapabilities":{"acceptInsecureCerts":true,"browserName":"firefox"}}}]
1553761795906	Marionette	WARN	TLS certificate errors will be ignored for this session
1553761796093	Marionette	TRACE	[6442450945] Frame script loaded
1553761796097	Marionette	TRACE	[6442450945] Frame script registered
1553761796110	Marionette	DEBUG	0 <- [1,1,null,{"sessionId":"c8376bf0-d8b1-4a6f-be07-a92ab0b4931d","capabilities":{"browserName":"firefox","browserVersion":"65.0. ... alse,"moz:webdriverClick":true,"capabilities":{"desiredCapabilities":{"acceptInsecureCerts":true,"browserName":"firefox"}}}}]
1553761796126	Marionette	DEBUG	0 -> [0,2,"WebDriver:Navigate",{"url":"http://localhost:8000"}]
1553761796168	Marionette	TRACE	[6442450945] Received DOM event beforeunload for about:blank
1553761796759	Marionette	TRACE	[6442450945] Received DOM event pagehide for about:blank
1553761796810	Marionette	TRACE	[6442450945] Received DOM event DOMContentLoaded for http://localhost:8000/
1553761797674	Marionette	TRACE	[6442450945] Received DOM event pageshow for http://localhost:8000/
1553761797676	Marionette	DEBUG	0 <- [1,2,null,{"value":null}]
1553761797686	Marionette	DEBUG	0 -> [0,3,"WebDriver:GetTitle",{}]
1553761797688	Marionette	DEBUG	0 <- [1,3,null,{"value":"Django: the Web framework for perfectionists with deadlines."}]
1553761797774	Marionette	DEBUG	Closed connection 0
1553761879188	addons.productaddons	WARN	Failed downloading XML, status: 0, reason: error
1553761879211	addons.productaddons	WARN	Failed downloading via XHR, status: 0, reason: error
1553761879219	addons.productaddons	WARN	Failed downloading via XHR, status: 0, reason: error
1553762299413	addons.productaddons	WARN	Failed downloading XML, status: 0, reason: error
1553762299434	addons.productaddons	WARN	Failed downloading via XHR, status: 0, reason: error
1553762299434	addons.xpi	ERROR	Failed to download system add-on gmp-gmpopenh264: Error: Failed downloading via XHR, status: 0, reason: error(resource://gre/modules/addons/ProductAddonChecker.jsm:312:16) JS Stack trace: fail@ProductAddonChecker.jsm:312:16
1553762299440	addons.productaddons	WARN	Failed downloading via XHR, status: 0, reason: error
1553762299440	addons.xpi	ERROR	Failed to download system add-on gmp-widevinecdm: Error: Failed downloading via XHR, status: 0, reason: error(resource://gre/modules/addons/ProductAddonChecker.jsm:312:16) JS Stack trace: fail@ProductAddonChecker.jsm:312:16
1553762299442	addons.manager	WARN	Failed to update system addons: Error: Rejecting updated system add-on set that either could not be downloaded or contained unusable add-ons.(resource://gre/modules/addons/XPIInstall.jsm:3469:13) JS Stack trace: updateSystemAddons@XPIInstall.jsm:3469:13
